[2022-09-26 05:07:20Z INFO HostContext] No proxy settings were found based on environmental variables (http_proxy/https_proxy/HTTP_PROXY/HTTPS_PROXY)
[2022-09-26 05:07:20Z INFO HostContext] Well known directory 'Bin': 'C:\Users\gotensiba\Desktop\git2\actions-runner-label\bin'
[2022-09-26 05:07:20Z INFO HostContext] Well known directory 'Root': 'C:\Users\gotensiba\Desktop\git2\actions-runner-label'
[2022-09-26 05:07:20Z INFO HostContext] Well known config file 'Credentials': 'C:\Users\gotensiba\Desktop\git2\actions-runner-label\.credentials'
[2022-09-26 05:07:20Z INFO HostContext] Well known directory 'Bin': 'C:\Users\gotensiba\Desktop\git2\actions-runner-label\bin'
[2022-09-26 05:07:20Z INFO HostContext] Well known directory 'Root': 'C:\Users\gotensiba\Desktop\git2\actions-runner-label'
[2022-09-26 05:07:20Z INFO HostContext] Well known config file 'Runner': 'C:\Users\gotensiba\Desktop\git2\actions-runner-label\.runner'
[2022-09-26 05:07:20Z INFO Listener] Runner is built for Windows (X64) - win-x64.
[2022-09-26 05:07:20Z INFO Listener] RuntimeInformation: Microsoft Windows 10.0.19043.
[2022-09-26 05:07:20Z INFO Listener] Version: 2.296.2
[2022-09-26 05:07:20Z INFO Listener] Commit: 21c30edf1e7a80e041649848ea1d91b885a8762e
[2022-09-26 05:07:20Z INFO Listener] Culture: ja-JP
[2022-09-26 05:07:20Z INFO Listener] UI Culture: ja-JP
[2022-09-26 05:07:20Z INFO HostContext] Well known directory 'Bin': 'C:\Users\gotensiba\Desktop\git2\actions-runner-label\bin'
[2022-09-26 05:07:20Z INFO HostContext] Well known directory 'Root': 'C:\Users\gotensiba\Desktop\git2\actions-runner-label'
[2022-09-26 05:07:20Z INFO Listener] Validating directory permissions for: 'C:\Users\gotensiba\Desktop\git2\actions-runner-label'
[2022-09-26 05:07:20Z INFO CommandLineParser] Parse
[2022-09-26 05:07:20Z INFO CommandLineParser] Parsing 5 args
[2022-09-26 05:07:20Z INFO CommandLineParser] parsing argument
[2022-09-26 05:07:20Z INFO CommandLineParser] HasArgs: False
[2022-09-26 05:07:20Z INFO CommandLineParser] Adding Command: configure
[2022-09-26 05:07:20Z INFO CommandLineParser] parsing argument
[2022-09-26 05:07:20Z INFO CommandLineParser] HasArgs: True
[2022-09-26 05:07:20Z INFO CommandLineParser] arg: url
[2022-09-26 05:07:20Z INFO CommandLineParser] parsing argument
[2022-09-26 05:07:20Z INFO CommandLineParser] HasArgs: True
[2022-09-26 05:07:20Z INFO CommandLineParser] Adding option 'url': 'https://github.com/gotenshiba/test_3'
[2022-09-26 05:07:20Z INFO CommandLineParser] parsing argument
[2022-09-26 05:07:20Z INFO CommandLineParser] HasArgs: True
[2022-09-26 05:07:20Z INFO CommandLineParser] arg: token
[2022-09-26 05:07:20Z INFO CommandLineParser] parsing argument
[2022-09-26 05:07:20Z INFO CommandLineParser] HasArgs: True
[2022-09-26 05:07:20Z INFO CommandLineParser] Adding option 'token': '***'
[2022-09-26 05:07:20Z INFO Listener] Arguments parsed
[2022-09-26 05:07:20Z INFO Runner] ExecuteCommand
[2022-09-26 05:07:20Z INFO ConfigurationStore] currentAssemblyLocation: C:\Users\gotensiba\Desktop\git2\actions-runner-label\bin\Runner.Listener.dll
[2022-09-26 05:07:20Z INFO HostContext] Well known directory 'Bin': 'C:\Users\gotensiba\Desktop\git2\actions-runner-label\bin'
[2022-09-26 05:07:20Z INFO ConfigurationStore] binPath: C:\Users\gotensiba\Desktop\git2\actions-runner-label\bin
[2022-09-26 05:07:20Z INFO HostContext] Well known directory 'Bin': 'C:\Users\gotensiba\Desktop\git2\actions-runner-label\bin'
[2022-09-26 05:07:20Z INFO HostContext] Well known directory 'Root': 'C:\Users\gotensiba\Desktop\git2\actions-runner-label'
[2022-09-26 05:07:20Z INFO ConfigurationStore] RootFolder: C:\Users\gotensiba\Desktop\git2\actions-runner-label
[2022-09-26 05:07:20Z INFO HostContext] Well known directory 'Bin': 'C:\Users\gotensiba\Desktop\git2\actions-runner-label\bin'
[2022-09-26 05:07:20Z INFO HostContext] Well known directory 'Root': 'C:\Users\gotensiba\Desktop\git2\actions-runner-label'
[2022-09-26 05:07:20Z INFO HostContext] Well known config file 'Runner': 'C:\Users\gotensiba\Desktop\git2\actions-runner-label\.runner'
[2022-09-26 05:07:20Z INFO ConfigurationStore] ConfigFilePath: C:\Users\gotensiba\Desktop\git2\actions-runner-label\.runner
[2022-09-26 05:07:20Z INFO HostContext] Well known directory 'Bin': 'C:\Users\gotensiba\Desktop\git2\actions-runner-label\bin'
[2022-09-26 05:07:20Z INFO HostContext] Well known directory 'Root': 'C:\Users\gotensiba\Desktop\git2\actions-runner-label'
[2022-09-26 05:07:20Z INFO HostContext] Well known config file 'Credentials': 'C:\Users\gotensiba\Desktop\git2\actions-runner-label\.credentials'
[2022-09-26 05:07:20Z INFO ConfigurationStore] CredFilePath: C:\Users\gotensiba\Desktop\git2\actions-runner-label\.credentials
[2022-09-26 05:07:20Z INFO HostContext] Well known directory 'Bin': 'C:\Users\gotensiba\Desktop\git2\actions-runner-label\bin'
[2022-09-26 05:07:20Z INFO HostContext] Well known directory 'Root': 'C:\Users\gotensiba\Desktop\git2\actions-runner-label'
[2022-09-26 05:07:20Z INFO HostContext] Well known config file 'MigratedCredentials': 'C:\Users\gotensiba\Desktop\git2\actions-runner-label\.credentials_migrated'
[2022-09-26 05:07:20Z INFO ConfigurationStore] MigratedCredFilePath: C:\Users\gotensiba\Desktop\git2\actions-runner-label\.credentials_migrated
[2022-09-26 05:07:20Z INFO HostContext] Well known directory 'Bin': 'C:\Users\gotensiba\Desktop\git2\actions-runner-label\bin'
[2022-09-26 05:07:20Z INFO HostContext] Well known directory 'Root': 'C:\Users\gotensiba\Desktop\git2\actions-runner-label'
[2022-09-26 05:07:20Z INFO HostContext] Well known config file 'Service': 'C:\Users\gotensiba\Desktop\git2\actions-runner-label\.service'
[2022-09-26 05:07:20Z INFO ConfigurationStore] ServiceConfigFilePath: C:\Users\gotensiba\Desktop\git2\actions-runner-label\.service
[2022-09-26 05:07:20Z INFO CommandSettings] Flag 'help': 'False'
[2022-09-26 05:07:20Z INFO CommandSettings] Flag 'version': 'False'
[2022-09-26 05:07:20Z INFO CommandSettings] Flag 'commit': 'False'
[2022-09-26 05:07:20Z INFO CommandSettings] Flag 'check': 'False'
[2022-09-26 05:07:20Z INFO CommandSettings] Command 'configure': 'True'
[2022-09-26 05:07:20Z INFO Terminal] WRITE LINE: 
[2022-09-26 05:07:20Z INFO Terminal] WRITE LINE: --------------------------------------------------------------------------------
[2022-09-26 05:07:20Z INFO Terminal] WRITE LINE: |        ____ _ _   _   _       _          _        _   _                      |
[2022-09-26 05:07:20Z INFO Terminal] WRITE LINE: |       / ___(_) |_| | | |_   _| |__      / \   ___| |_(_) ___  _ __  ___      |
[2022-09-26 05:07:20Z INFO Terminal] WRITE LINE: |      | |  _| | __| |_| | | | | '_ \    / _ \ / __| __| |/ _ \| '_ \/ __|     |
[2022-09-26 05:07:20Z INFO Terminal] WRITE LINE: |      | |_| | | |_|  _  | |_| | |_) |  / ___ \ (__| |_| | (_) | | | \__ \     |
[2022-09-26 05:07:20Z INFO Terminal] WRITE LINE: |       \____|_|\__|_| |_|\__,_|_.__/  /_/   \_\___|\__|_|\___/|_| |_|___/     |
[2022-09-26 05:07:20Z INFO Terminal] WRITE LINE: |                                                                              |
[2022-09-26 05:07:20Z INFO Terminal] WRITE: |                       
[2022-09-26 05:07:20Z INFO Terminal] WRITE: Self-hosted runner registration
[2022-09-26 05:07:20Z INFO Terminal] WRITE LINE:                         |
[2022-09-26 05:07:20Z INFO Terminal] WRITE LINE: |                                                                              |
[2022-09-26 05:07:20Z INFO Terminal] WRITE LINE: --------------------------------------------------------------------------------
[2022-09-26 05:07:20Z INFO ConfigurationManager] ConfigureAsync
[2022-09-26 05:07:20Z INFO ConfigurationStore] IsConfigured()
[2022-09-26 05:07:20Z INFO ConfigurationStore] IsConfigured: False
[2022-09-26 05:07:20Z INFO ConfigurationManager] Is configured: False
[2022-09-26 05:07:20Z INFO CommandSettings] Arg 'url': 'https://github.com/gotenshiba/test_3'
[2022-09-26 05:07:20Z INFO CommandSettings] Remove url from Arg dictionary.
[2022-09-26 05:07:20Z INFO CommandSettings] Arg 'token': '***'
[2022-09-26 05:07:20Z INFO CommandSettings] Remove token from Arg dictionary.
[2022-09-26 05:07:22Z INFO ConfigurationManager] Http response code: OK from 'POST https://api.github.com/actions/runner-registration'
[2022-09-26 05:07:22Z INFO ConfigurationManager] cred retrieved via GitHub auth
[2022-09-26 05:07:22Z INFO RunnerServer] Establish connection with 100 seconds timeout.
[2022-09-26 05:07:22Z INFO GitHubActionsService] Starting operation Location.GetConnectionData
[2022-09-26 05:07:22Z INFO RunnerServer] Establish connection with 60 seconds timeout.
[2022-09-26 05:07:22Z INFO GitHubActionsService] Starting operation Location.GetConnectionData
[2022-09-26 05:07:22Z INFO RunnerServer] Establish connection with 60 seconds timeout.
[2022-09-26 05:07:22Z INFO GitHubActionsService] Starting operation Location.GetConnectionData
[2022-09-26 05:07:23Z INFO GitHubActionsService] Finished operation Location.GetConnectionData
[2022-09-26 05:07:23Z INFO GitHubActionsService] Finished operation Location.GetConnectionData
[2022-09-26 05:07:23Z INFO GitHubActionsService] Finished operation Location.GetConnectionData
[2022-09-26 05:07:23Z INFO Terminal] WRITE LINE: 
[2022-09-26 05:07:23Z INFO ConfigurationManager] Test Connection complete.
[2022-09-26 05:07:23Z INFO HostContext] Well known directory 'Bin': 'C:\Users\gotensiba\Desktop\git2\actions-runner-label\bin'
[2022-09-26 05:07:23Z INFO HostContext] Well known directory 'Root': 'C:\Users\gotensiba\Desktop\git2\actions-runner-label'
[2022-09-26 05:07:23Z INFO HostContext] Well known config file 'RSACredentials': 'C:\Users\gotensiba\Desktop\git2\actions-runner-label\.credentials_rsaparams'
[2022-09-26 05:07:23Z INFO RSAEncryptedFileKeyManager] Creating new RSA key using 2048-bit key length
[2022-09-26 05:07:23Z INFO RSAEncryptedFileKeyManager] Successfully saved RSA key parameters to file C:\Users\gotensiba\Desktop\git2\actions-runner-label\.credentials_rsaparams
[2022-09-26 05:07:23Z INFO CommandSettings] Arg 'runnergroup': ''
[2022-09-26 05:07:23Z INFO CommandSettings] Flag 'unattended': 'False'
[2022-09-26 05:07:23Z INFO PromptManager] ReadValue
[2022-09-26 05:07:23Z INFO Terminal] WRITE: Enter the name of the runner group to add this runner to: 
[2022-09-26 05:07:23Z INFO Terminal] WRITE: [press Enter for Default] 
[2022-09-26 05:07:23Z INFO Terminal] READ LINE
[2022-09-26 05:07:27Z INFO Terminal] Read value: ''
[2022-09-26 05:07:27Z INFO PromptManager] Falling back to the default: 'Default'
[2022-09-26 05:07:27Z INFO Terminal] WRITE LINE: 
[2022-09-26 05:07:27Z INFO ConfigurationManager] Found a self-hosted runner group with id 1 and name Default
[2022-09-26 05:07:27Z INFO CommandSettings] Flag 'disableupdate': 'False'
[2022-09-26 05:07:27Z INFO CommandSettings] Flag 'ephemeral': 'False'
[2022-09-26 05:07:27Z INFO CommandSettings] Arg 'name': ''
[2022-09-26 05:07:27Z INFO CommandSettings] Flag 'unattended': 'False'
[2022-09-26 05:07:27Z INFO PromptManager] ReadValue
[2022-09-26 05:07:27Z INFO Terminal] WRITE: Enter the name of runner: 
[2022-09-26 05:07:27Z INFO Terminal] WRITE: [press Enter for DESKTOP-QEGAGHJ] 
[2022-09-26 05:07:27Z INFO Terminal] READ LINE
[2022-09-26 05:07:37Z INFO Terminal] Read value: 'test-runner-label'
[2022-09-26 05:07:37Z INFO Terminal] WRITE LINE: 
[2022-09-26 05:07:37Z INFO CommandSettings] Arg 'labels': ''
[2022-09-26 05:07:37Z INFO CommandSettings] Flag 'unattended': 'False'
[2022-09-26 05:07:37Z INFO PromptManager] ReadValue
[2022-09-26 05:07:37Z INFO Terminal] WRITE: This runner will have the following labels: 'self-hosted', 'Windows', 'X64' 
Enter any additional labels (ex. label-1,label-2): 
[2022-09-26 05:07:37Z INFO Terminal] WRITE: [press Enter to skip] 
[2022-09-26 05:07:37Z INFO Terminal] READ LINE
[2022-09-26 05:07:59Z INFO Terminal] Read value: 'test-label'
[2022-09-26 05:07:59Z INFO Terminal] WRITE LINE: 
[2022-09-26 05:07:59Z INFO CommandSettings] Flag 'disableupdate': 'False'
[2022-09-26 05:07:59Z INFO CommandSettings] Flag 'disableupdate': 'False'
[2022-09-26 05:07:59Z INFO CommandSettings] Flag 'ephemeral': 'False'
[2022-09-26 05:07:59Z INFO ConfigurationStore] Saving OAuth credential @ C:\Users\gotensiba\Desktop\git2\actions-runner-label\.credentials
[2022-09-26 05:07:59Z INFO ConfigurationStore] Credentials Saved.
[2022-09-26 05:07:59Z INFO ConfigurationStore] HasCredentials()
[2022-09-26 05:07:59Z INFO ConfigurationStore] stored True
[2022-09-26 05:07:59Z INFO CredentialManager] GetCredentialProvider
[2022-09-26 05:07:59Z INFO CredentialManager] Creating type OAuth
[2022-09-26 05:07:59Z INFO CredentialManager] Creating credential type: OAuth
[2022-09-26 05:07:59Z INFO RSAEncryptedFileKeyManager] Loading RSA key parameters from file C:\Users\gotensiba\Desktop\git2\actions-runner-label\.credentials_rsaparams
[2022-09-26 05:07:59Z INFO RunnerServer] Establish connection with 100 seconds timeout.
[2022-09-26 05:07:59Z INFO GitHubActionsService] Starting operation Location.GetConnectionData
[2022-09-26 05:07:59Z INFO RunnerServer] Establish connection with 60 seconds timeout.
[2022-09-26 05:07:59Z INFO GitHubActionsService] Starting operation Location.GetConnectionData
[2022-09-26 05:07:59Z INFO RunnerServer] Establish connection with 60 seconds timeout.
[2022-09-26 05:07:59Z INFO GitHubActionsService] Starting operation Location.GetConnectionData
[2022-09-26 05:08:00Z INFO GitHubActionsService] Finished operation Location.GetConnectionData
[2022-09-26 05:08:00Z INFO GitHubActionsService] Finished operation Location.GetConnectionData
[2022-09-26 05:08:00Z INFO GitHubActionsService] Finished operation Location.GetConnectionData
[2022-09-26 05:08:00Z INFO RSAEncryptedFileKeyManager] Loading RSA key parameters from file C:\Users\gotensiba\Desktop\git2\actions-runner-label\.credentials_rsaparams
[2022-09-26 05:08:00Z INFO RSAEncryptedFileKeyManager] Loading RSA key parameters from file C:\Users\gotensiba\Desktop\git2\actions-runner-label\.credentials_rsaparams
[2022-09-26 05:08:01Z INFO GitHubActionsService] AAD Correlation ID for this token request: Unknown
[2022-09-26 05:08:01Z INFO CommandSettings] Arg 'work': ''
[2022-09-26 05:08:01Z INFO CommandSettings] Flag 'unattended': 'False'
[2022-09-26 05:08:01Z INFO PromptManager] ReadValue
[2022-09-26 05:08:01Z INFO Terminal] WRITE: Enter name of work folder: 
[2022-09-26 05:08:01Z INFO Terminal] WRITE: [press Enter for _work] 
[2022-09-26 05:08:01Z INFO Terminal] READ LINE
[2022-09-26 05:08:04Z INFO Terminal] Read value: ''
[2022-09-26 05:08:04Z INFO PromptManager] Falling back to the default: '_work'
[2022-09-26 05:08:04Z INFO ConfigurationStore] Saving runner settings.
[2022-09-26 05:08:04Z INFO ConfigurationStore] Settings Saved.
[2022-09-26 05:08:04Z INFO Terminal] WRITE LINE: 
[2022-09-26 05:08:04Z INFO Terminal] WRITE LINE: 
[2022-09-26 05:08:04Z INFO CommandSettings] Flag 'runasservice': 'False'
[2022-09-26 05:08:04Z INFO CommandSettings] Flag 'unattended': 'False'
[2022-09-26 05:08:04Z INFO PromptManager] ReadValue
[2022-09-26 05:08:04Z INFO Terminal] WRITE: Would you like to run the runner as service? (Y/N) 
[2022-09-26 05:08:04Z INFO Terminal] WRITE: [press Enter for N] 
[2022-09-26 05:08:04Z INFO Terminal] READ LINE
[2022-09-26 05:08:07Z INFO Terminal] Read value: ''
[2022-09-26 05:08:07Z INFO PromptManager] Falling back to the default: 'N'
[2022-09-26 05:08:07Z INFO Listener] Runner execution has finished with return code 0
